<?xml version="1.0" encoding="UTF-8"?>
<!-- Generated by org.testng.reporters.JUnitReportReporter -->
<testsuite skipped="0" hostname="Sean-PC" name="testFiles.Inbox" tests="1" failures="0" timestamp="13 Nov 2017 20:51:35 GMT" time="1.031" errors="0">
  <testcase name="inbox" time="1.031" classname="testFiles.Inbox"/>
</testsuite> <!-- testFiles.Inbox -->
