<?xml version="1.0" encoding="UTF-8"?>
<!-- Generated by org.testng.reporters.JUnitReportReporter -->
<testsuite skipped="0" hostname="Sean-PC" name="com.Tests.LoginNG" tests="1" failures="0" timestamp="13 Nov 2017 16:17:01 GMT" time="8.699" errors="0">
  <testcase name="f" time="8.699" classname="com.Tests.LoginNG"/>
</testsuite> <!-- com.Tests.LoginNG -->
