<?xml version="1.0" encoding="UTF-8"?>
<!-- Generated by org.testng.reporters.JUnitReportReporter -->
<testsuite skipped="0" hostname="Sean-PC" name="Regression.Full_Regression" tests="1" failures="0" timestamp="12 Jan 2018 18:25:14 GMT" time="20.194" errors="0">
  <testcase name="fullRegression" time="20.194" classname="Regression.Full_Regression"/>
</testsuite> <!-- Regression.Full_Regression -->
