<?xml version="1.0" encoding="UTF-8"?>
<!-- Generated by org.testng.reporters.JUnitReportReporter -->
<testsuite skipped="0" hostname="Sean-PC" name="regression.Regression" tests="1" failures="0" timestamp="13 Nov 2017 22:44:22 GMT" time="14.130" errors="0">
  <testcase name="regression" time="14.130" classname="regression.Regression"/>
</testsuite> <!-- regression.Regression -->
