<?xml version="1.0" encoding="UTF-8"?>
<!-- Generated by org.testng.reporters.JUnitReportReporter -->
<testsuite skipped="0" hostname="Sean-PC" name="pages.Homeroom.Homeroom" tests="1" failures="0" timestamp="13 Nov 2017 22:36:38 GMT" time="2.475" errors="0">
  <testcase name="createAnnouncement" time="2.475" classname="pages.Homeroom.Homeroom"/>
</testsuite> <!-- pages.Homeroom.Homeroom -->
