<?xml version="1.0" encoding="UTF-8"?>
<!-- Generated by org.testng.reporters.JUnitReportReporter -->
<testsuite skipped="0" hostname="Sean-PC" name="Regression.Full_Regression" tests="1" failures="0" timestamp="16 Nov 2017 16:07:41 GMT" time="2.539" errors="0">
  <testcase name="fullRegression" time="2.539" classname="Regression.Full_Regression"/>
</testsuite> <!-- Regression.Full_Regression -->
