<?xml version="1.0" encoding="UTF-8"?>
<!-- Generated by org.testng.reporters.JUnitReportReporter -->
<testsuite skipped="0" hostname="Sean-PC" name="testFiles.Login2" tests="1" failures="0" timestamp="13 Nov 2017 17:58:32 GMT" time="6.429" errors="0">
  <testcase name="login" time="6.429" classname="testFiles.Login2"/>
</testsuite> <!-- testFiles.Login2 -->
