<?xml version="1.0" encoding="UTF-8"?>
<!-- Generated by org.testng.reporters.JUnitReportReporter -->
<testsuite skipped="0" hostname="Sean-PC" name="Regression.Homeroom_Regression" tests="1" failures="0" timestamp="16 Nov 2017 17:39:40 GMT" time="3.005" errors="0">
  <testcase name="homeroomRegression" time="3.005" classname="Regression.Homeroom_Regression"/>
</testsuite> <!-- Regression.Homeroom_Regression -->
