<?xml version="1.0" encoding="UTF-8"?>
<!-- Generated by org.testng.reporters.JUnitReportReporter -->
<testsuite skipped="0" hostname="Sean-PC" name="Regression.Full_Regression" tests="1" failures="0" timestamp="16 Nov 2017 15:30:05 GMT" time="15.741" errors="0">
  <testcase name="fullRegression" time="15.741" classname="Regression.Full_Regression"/>
</testsuite> <!-- Regression.Full_Regression -->
