<?xml version="1.0" encoding="UTF-8"?>
<!-- Generated by org.testng.reporters.JUnitReportReporter -->
<testsuite skipped="0" hostname="Sean-PC" name="Regression.Homeroom_Regression" tests="1" failures="0" timestamp="14 Nov 2017 16:24:46 GMT" time="10.403" errors="0">
  <testcase name="homeroomRegression" time="10.403" classname="Regression.Homeroom_Regression"/>
</testsuite> <!-- Regression.Homeroom_Regression -->
