<?xml version="1.0" encoding="UTF-8"?>
<!-- Generated by org.testng.reporters.JUnitReportReporter -->
<testsuite skipped="0" hostname="Sean-PC" name="testFiles.SmokeTest" tests="1" failures="0" timestamp="13 Nov 2017 18:18:14 GMT" time="0.006" errors="0">
  <testcase name="login" time="0.006" classname="testFiles.SmokeTest"/>
</testsuite> <!-- testFiles.SmokeTest -->
