<?xml version="1.0" encoding="UTF-8"?>
<!-- Generated by org.testng.reporters.JUnitReportReporter -->
<testsuite skipped="0" hostname="Sean-PC" name="Regression.Full_Regression" tests="1" failures="0" timestamp="15 Nov 2017 22:03:55 GMT" time="13.995" errors="0">
  <testcase name="fullRegression" time="13.995" classname="Regression.Full_Regression"/>
</testsuite> <!-- Regression.Full_Regression -->
