<?xml version="1.0" encoding="UTF-8"?>
<!-- Generated by org.testng.reporters.JUnitReportReporter -->
<testsuite skipped="0" hostname="Sean-PC" name="testFiles.Login" tests="1" failures="0" timestamp="13 Nov 2017 18:32:11 GMT" time="4.082" errors="0">
  <testcase name="login" time="4.082" classname="testFiles.Login"/>
</testsuite> <!-- testFiles.Login -->
